2020-10-08 21:44:31,555 INFO org.springframework.boot.StartupInfoLogger [main] Starting ApiDemoApplication on DESKTOP-88DS32S with PID 22656 (C:\Users\Artek\Desktop\api_demo\target\classes started by Artek in C:\Users\Artek\Desktop\api_demo)
2020-10-08 21:44:31,573 INFO org.springframework.boot.SpringApplication [main] No active profile set, falling back to default profiles: default
2020-10-08 21:44:33,368 INFO org.springframework.data.repository.config.RepositoryConfigurationDelegate [main] Bootstrapping Spring Data JPA repositories in DEFERRED mode.
2020-10-08 21:44:33,490 INFO org.springframework.data.repository.config.RepositoryConfigurationDelegate [main] Finished Spring Data repository scanning in 99ms. Found 1 JPA repository interfaces.
2020-10-08 21:44:34,742 INFO org.springframework.boot.web.embedded.tomcat.TomcatWebServer [main] Tomcat initialized with port(s): 8081 (http)
2020-10-08 21:44:34,758 INFO org.apache.juli.logging.DirectJDKLog [main] Initializing ProtocolHandler ["http-nio-8081"]
2020-10-08 21:44:34,760 INFO org.apache.juli.logging.DirectJDKLog [main] Starting service [Tomcat]
2020-10-08 21:44:34,760 INFO org.apache.juli.logging.DirectJDKLog [main] Starting Servlet engine: [Apache Tomcat/9.0.38]
2020-10-08 21:44:34,923 INFO org.apache.juli.logging.DirectJDKLog [main] Initializing Spring embedded WebApplicationContext
2020-10-08 21:44:34,924 INFO org.springframework.boot.web.servlet.context.ServletWebServerApplicationContext [main] Root WebApplicationContext: initialization completed in 3225 ms
2020-10-08 21:44:35,019 INFO com.zaxxer.hikari.HikariDataSource [main] HikariPool-1 - Starting...
2020-10-08 21:44:35,406 INFO com.zaxxer.hikari.HikariDataSource [main] HikariPool-1 - Start completed.
2020-10-08 21:44:35,417 INFO org.springframework.boot.autoconfigure.h2.H2ConsoleAutoConfiguration [main] H2 console available at '/console'. Database available at 'jdbc:h2:file:C:/Users/Artek/mods'
2020-10-08 21:44:35,725 INFO org.springframework.scheduling.concurrent.ExecutorConfigurationSupport [main] Initializing ExecutorService 'applicationTaskExecutor'
2020-10-08 21:44:35,852 INFO org.hibernate.jpa.internal.util.LogHelper [task-1] HHH000204: Processing PersistenceUnitInfo [name: default]
2020-10-08 21:44:35,889 WARN org.springframework.boot.autoconfigure.orm.jpa.JpaBaseConfiguration$JpaWebConfiguration [main] spring.jpa.open-in-view is enabled by default. Therefore, database queries may be performed during view rendering. Explicitly configure spring.jpa.open-in-view to disable this warning
2020-10-08 21:44:36,051 INFO org.hibernate.Version [task-1] HHH000412: Hibernate ORM core version 5.4.21.Final
2020-10-08 21:44:36,461 INFO org.hibernate.annotations.common.reflection.java.JavaReflectionManager [task-1] HCANN000001: Hibernate Commons Annotations {5.1.0.Final}
2020-10-08 21:44:36,494 INFO org.apache.juli.logging.DirectJDKLog [main] Starting ProtocolHandler ["http-nio-8081"]
2020-10-08 21:44:36,531 INFO org.springframework.boot.web.embedded.tomcat.TomcatWebServer [main] Tomcat started on port(s): 8081 (http) with context path ''
2020-10-08 21:44:36,533 INFO org.springframework.data.repository.config.DeferredRepositoryInitializationListener [main] Triggering deferred initialization of Spring Data repositories…
2020-10-08 21:44:36,763 INFO org.hibernate.dialect.Dialect [task-1] HHH000400: Using dialect: org.hibernate.dialect.H2Dialect
2020-10-08 21:44:37,833 INFO org.hibernate.engine.transaction.jta.platform.internal.JtaPlatformInitiator [task-1] HHH000490: Using JtaPlatform implementation: [org.hibernate.engine.transaction.jta.platform.internal.NoJtaPlatform]
2020-10-08 21:44:37,845 INFO org.springframework.orm.jpa.AbstractEntityManagerFactoryBean [task-1] Initialized JPA EntityManagerFactory for persistence unit 'default'
2020-10-08 21:44:38,150 INFO org.springframework.data.repository.config.DeferredRepositoryInitializationListener [main] Spring Data repositories initialized!
2020-10-08 21:44:38,160 INFO org.springframework.boot.StartupInfoLogger [main] Started ApiDemoApplication in 7.615 seconds (JVM running for 8.669)
2020-10-08 21:44:49,014 INFO org.apache.juli.logging.DirectJDKLog [http-nio-8081-exec-1] Initializing Spring DispatcherServlet 'dispatcherServlet'
2020-10-08 21:44:49,015 INFO org.springframework.web.servlet.FrameworkServlet [http-nio-8081-exec-1] Initializing Servlet 'dispatcherServlet'
2020-10-08 21:44:49,030 INFO org.springframework.web.servlet.FrameworkServlet [http-nio-8081-exec-1] Completed initialization in 14 ms
2020-10-08 21:44:49,149 INFO pl.arturzaczek.api_demo.controllers.TaskController [http-nio-8081-exec-1] invoked: getTaskList()
2020-10-08 21:44:49,167 INFO pl.arturzaczek.api_demo.controllers.TaskPopulateController [http-nio-8081-exec-3] taskPopulate() invoked
2020-10-08 21:44:49,168 WARN pl.arturzaczek.api_demo.controllers.TaskPopulateController [http-nio-8081-exec-3] [TaskEntity{id=null, content='Pierwszy task wygenerowany w klasie PopulateTask', title='Pierwszy', insertDate=2020-10-08T21:44:49.161, finishDate=2021-03-10, priority=DEFAULT}, TaskEntity{id=null, content='drugi task wygenerowany w klasie PopulateTask', title='dugi', insertDate=2020-10-08T21:44:49.163, finishDate=2020-12-10, priority=DEFAULT}, TaskEntity{id=null, content='3 task wygenerowany w klasie PopulateTask', title='trzeci', insertDate=2020-10-08T21:44:49.167, finishDate=2020-11-29, priority=DEFAULT}, TaskEntity{id=null, content='4 task wygenerowany w klasie PopulateTask', title='czwarty', insertDate=2020-10-08T21:44:49.167, finishDate=2020-09-30, priority=DEFAULT}, TaskEntity{id=null, content='Piąty task wygenerowany w klasie PopulateTask', title='piaty', insertDate=2020-10-08T21:44:49.167, finishDate=2020-10-01, priority=DEFAULT}]
2020-10-08 21:44:52,579 INFO pl.arturzaczek.api_demo.controllers.TaskController [http-nio-8081-exec-5] invoked: getTaskList()
2020-10-08 21:44:59,146 INFO pl.arturzaczek.api_demo.controllers.TaskController [http-nio-8081-exec-7] invoked: getTaskList()
2020-10-08 21:45:19,397 INFO pl.arturzaczek.api_demo.controllers.TaskController [http-nio-8081-exec-9] invoked: getTaskList()
2020-10-08 21:45:27,242 WARN org.springframework.web.servlet.handler.AbstractHandlerExceptionResolver [http-nio-8081-exec-10] Resolved [org.springframework.web.HttpRequestMethodNotSupportedException: Request method 'GET' not supported]
2020-10-08 21:45:30,141 INFO pl.arturzaczek.api_demo.controllers.TaskPopulateController [http-nio-8081-exec-1] taskPopulate() invoked
2020-10-08 21:45:30,142 WARN pl.arturzaczek.api_demo.controllers.TaskPopulateController [http-nio-8081-exec-1] [TaskEntity{id=null, content='Pierwszy task wygenerowany w klasie PopulateTask', title='Pierwszy', insertDate=2020-10-08T21:45:30.141, finishDate=2021-03-10, priority=DEFAULT}, TaskEntity{id=null, content='drugi task wygenerowany w klasie PopulateTask', title='dugi', insertDate=2020-10-08T21:45:30.141, finishDate=2020-12-10, priority=DEFAULT}, TaskEntity{id=null, content='3 task wygenerowany w klasie PopulateTask', title='trzeci', insertDate=2020-10-08T21:45:30.141, finishDate=2020-11-29, priority=DEFAULT}, TaskEntity{id=null, content='4 task wygenerowany w klasie PopulateTask', title='czwarty', insertDate=2020-10-08T21:45:30.141, finishDate=2020-09-30, priority=DEFAULT}, TaskEntity{id=null, content='Piąty task wygenerowany w klasie PopulateTask', title='piaty', insertDate=2020-10-08T21:45:30.141, finishDate=2020-10-01, priority=DEFAULT}]
2020-10-08 21:45:30,142 INFO pl.arturzaczek.api_demo.controllers.TaskController [http-nio-8081-exec-5] invoked: getTaskList()
2020-10-08 21:45:30,863 INFO pl.arturzaczek.api_demo.controllers.TaskController [http-nio-8081-exec-6] invoked: getTaskList()
2020-10-08 21:45:33,457 INFO pl.arturzaczek.api_demo.controllers.TaskController [http-nio-8081-exec-8] invoked: getTaskList()
2020-10-08 23:33:32,024 WARN com.zaxxer.hikari.pool.HikariPool$HouseKeeper [HikariPool-1 housekeeper] HikariPool-1 - Thread starvation or clock leap detected (housekeeper delta=57m56s421ms991µs100ns).
