2020-10-13 20:19:19,999 INFO org.springframework.boot.StartupInfoLogger [main] Starting ApiDemoApplication on DESKTOP-88DS32S with PID 10844 (C:\Users\Artek\Desktop\api_demo\target\classes started by Artek in C:\Users\Artek\Desktop\api_demo)
2020-10-13 20:19:20,023 INFO org.springframework.boot.SpringApplication [main] No active profile set, falling back to default profiles: default
2020-10-13 20:19:24,625 INFO org.springframework.data.repository.config.RepositoryConfigurationDelegate [main] Bootstrapping Spring Data JPA repositories in DEFERRED mode.
2020-10-13 20:19:26,994 INFO org.springframework.data.repository.config.RepositoryConfigurationDelegate [main] Finished Spring Data repository scanning in 2022ms. Found 1 JPA repository interfaces.
2020-10-13 20:19:36,307 INFO org.springframework.boot.web.embedded.tomcat.TomcatWebServer [main] Tomcat initialized with port(s): 8081 (http)
2020-10-13 20:19:36,337 INFO org.apache.juli.logging.DirectJDKLog [main] Initializing ProtocolHandler ["http-nio-8081"]
2020-10-13 20:19:36,341 INFO org.apache.juli.logging.DirectJDKLog [main] Starting service [Tomcat]
2020-10-13 20:19:36,342 INFO org.apache.juli.logging.DirectJDKLog [main] Starting Servlet engine: [Apache Tomcat/9.0.38]
2020-10-13 20:19:37,347 INFO org.apache.juli.logging.DirectJDKLog [main] Initializing Spring embedded WebApplicationContext
2020-10-13 20:19:37,353 INFO org.springframework.boot.web.servlet.context.ServletWebServerApplicationContext [main] Root WebApplicationContext: initialization completed in 17182 ms
2020-10-13 20:19:37,474 INFO com.zaxxer.hikari.HikariDataSource [main] HikariPool-1 - Starting...
2020-10-13 20:19:38,384 INFO com.zaxxer.hikari.HikariDataSource [main] HikariPool-1 - Start completed.
2020-10-13 20:19:38,408 INFO org.springframework.boot.autoconfigure.h2.H2ConsoleAutoConfiguration [main] H2 console available at '/console'. Database available at 'jdbc:h2:file:C:/Users/Artek/mods'
2020-10-13 20:19:39,029 INFO org.springframework.scheduling.concurrent.ExecutorConfigurationSupport [main] Initializing ExecutorService 'applicationTaskExecutor'
2020-10-13 20:19:39,732 INFO org.hibernate.jpa.internal.util.LogHelper [task-1] HHH000204: Processing PersistenceUnitInfo [name: default]
2020-10-13 20:19:40,810 WARN org.springframework.boot.autoconfigure.orm.jpa.JpaBaseConfiguration$JpaWebConfiguration [main] spring.jpa.open-in-view is enabled by default. Therefore, database queries may be performed during view rendering. Explicitly configure spring.jpa.open-in-view to disable this warning
2020-10-13 20:19:41,332 INFO org.hibernate.Version [task-1] HHH000412: Hibernate ORM core version 5.4.21.Final
2020-10-13 20:19:42,644 WARN org.springframework.context.support.AbstractApplicationContext [main] Exception encountered during context initialization - cancelling refresh attempt: org.springframework.beans.factory.BeanCreationException: Error creating bean with name 'requestMappingHandlerMapping' defined in class path resource [org/springframework/boot/autoconfigure/web/servlet/WebMvcAutoConfiguration$EnableWebMvcConfiguration.class]: Invocation of init method failed; nested exception is java.lang.IllegalStateException: Ambiguous mapping. Cannot map 'taskController' method 
pl.arturzaczek.api_demo.controllers.TaskController#deleteOne(Long)
to {DELETE /task/delete}: There is already 'taskController' bean method
pl.arturzaczek.api_demo.controllers.TaskController#deleteAll() mapped.
2020-10-13 20:19:42,666 INFO org.springframework.orm.jpa.AbstractEntityManagerFactoryBean [main] Closing JPA EntityManagerFactory for persistence unit 'default'
2020-10-13 20:19:42,722 INFO org.hibernate.annotations.common.reflection.java.JavaReflectionManager [task-1] HCANN000001: Hibernate Commons Annotations {5.1.0.Final}
2020-10-13 20:19:43,278 INFO org.hibernate.dialect.Dialect [task-1] HHH000400: Using dialect: org.hibernate.dialect.H2Dialect
2020-10-13 20:19:47,027 INFO org.hibernate.engine.transaction.jta.platform.internal.JtaPlatformInitiator [task-1] HHH000490: Using JtaPlatform implementation: [org.hibernate.engine.transaction.jta.platform.internal.NoJtaPlatform]
2020-10-13 20:19:47,177 INFO org.springframework.orm.jpa.AbstractEntityManagerFactoryBean [task-1] Initialized JPA EntityManagerFactory for persistence unit 'default'
2020-10-13 20:19:47,182 INFO org.hibernate.tool.schema.internal.SchemaDropperImpl$DelayedDropActionImpl [main] HHH000477: Starting delayed evictData of schema as part of SessionFactory shut-down'
2020-10-13 20:19:47,218 INFO org.springframework.scheduling.concurrent.ExecutorConfigurationSupport [main] Shutting down ExecutorService 'applicationTaskExecutor'
2020-10-13 20:19:47,230 INFO com.zaxxer.hikari.HikariDataSource [main] HikariPool-1 - Shutdown initiated...
2020-10-13 20:19:47,324 INFO com.zaxxer.hikari.HikariDataSource [main] HikariPool-1 - Shutdown completed.
2020-10-13 20:19:47,330 INFO org.apache.juli.logging.DirectJDKLog [main] Stopping service [Tomcat]
2020-10-13 20:19:47,511 INFO org.springframework.boot.autoconfigure.logging.ConditionEvaluationReportLoggingListener [main] 

Error starting ApplicationContext. To display the conditions report re-run your application with 'debug' enabled.
2020-10-13 20:19:47,521 ERROR org.springframework.boot.SpringApplication [main] Application run failed
org.springframework.beans.factory.BeanCreationException: Error creating bean with name 'requestMappingHandlerMapping' defined in class path resource [org/springframework/boot/autoconfigure/web/servlet/WebMvcAutoConfiguration$EnableWebMvcConfiguration.class]: Invocation of init method failed; nested exception is java.lang.IllegalStateException: Ambiguous mapping. Cannot map 'taskController' method 
pl.arturzaczek.api_demo.controllers.TaskController#deleteOne(Long)
to {DELETE /task/delete}: There is already 'taskController' bean method
pl.arturzaczek.api_demo.controllers.TaskController#deleteAll() mapped.
	at org.springframework.beans.factory.support.AbstractAutowireCapableBeanFactory.initializeBean(AbstractAutowireCapableBeanFactory.java:1794)
	at org.springframework.beans.factory.support.AbstractAutowireCapableBeanFactory.doCreateBean(AbstractAutowireCapableBeanFactory.java:594)
	at org.springframework.beans.factory.support.AbstractAutowireCapableBeanFactory.createBean(AbstractAutowireCapableBeanFactory.java:516)
	at org.springframework.beans.factory.support.AbstractBeanFactory.lambda$doGetBean$0(AbstractBeanFactory.java:324)
	at org.springframework.beans.factory.support.DefaultSingletonBeanRegistry.getSingleton(DefaultSingletonBeanRegistry.java:234)
	at org.springframework.beans.factory.support.AbstractBeanFactory.doGetBean(AbstractBeanFactory.java:322)
	at org.springframework.beans.factory.support.AbstractBeanFactory.getBean(AbstractBeanFactory.java:202)
	at org.springframework.beans.factory.support.DefaultListableBeanFactory.preInstantiateSingletons(DefaultListableBeanFactory.java:897)
	at org.springframework.context.support.AbstractApplicationContext.finishBeanFactoryInitialization(AbstractApplicationContext.java:879)
	at org.springframework.context.support.AbstractApplicationContext.refresh(AbstractApplicationContext.java:551)
	at org.springframework.boot.web.servlet.context.ServletWebServerApplicationContext.refresh(ServletWebServerApplicationContext.java:143)
	at org.springframework.boot.SpringApplication.refresh(SpringApplication.java:758)
	at org.springframework.boot.SpringApplication.refresh(SpringApplication.java:750)
	at org.springframework.boot.SpringApplication.refreshContext(SpringApplication.java:397)
	at org.springframework.boot.SpringApplication.run(SpringApplication.java:315)
	at org.springframework.boot.SpringApplication.run(SpringApplication.java:1237)
	at org.springframework.boot.SpringApplication.run(SpringApplication.java:1226)
	at pl.arturzaczek.api_demo.ApiDemoApplication.main(ApiDemoApplication.java:10)
Caused by: java.lang.IllegalStateException: Ambiguous mapping. Cannot map 'taskController' method 
pl.arturzaczek.api_demo.controllers.TaskController#deleteOne(Long)
to {DELETE /task/delete}: There is already 'taskController' bean method
pl.arturzaczek.api_demo.controllers.TaskController#deleteAll() mapped.
	at org.springframework.web.servlet.handler.AbstractHandlerMethodMapping$MappingRegistry.validateMethodMapping(AbstractHandlerMethodMapping.java:636)
	at org.springframework.web.servlet.handler.AbstractHandlerMethodMapping$MappingRegistry.register(AbstractHandlerMethodMapping.java:603)
	at org.springframework.web.servlet.handler.AbstractHandlerMethodMapping.registerHandlerMethod(AbstractHandlerMethodMapping.java:318)
	at org.springframework.web.servlet.mvc.method.annotation.RequestMappingHandlerMapping.registerHandlerMethod(RequestMappingHandlerMapping.java:378)
	at org.springframework.web.servlet.mvc.method.annotation.RequestMappingHandlerMapping.registerHandlerMethod(RequestMappingHandlerMapping.java:75)
	at org.springframework.web.servlet.handler.AbstractHandlerMethodMapping.lambda$detectHandlerMethods$1(AbstractHandlerMethodMapping.java:288)
	at java.util.LinkedHashMap.forEach(LinkedHashMap.java:684)
	at org.springframework.web.servlet.handler.AbstractHandlerMethodMapping.detectHandlerMethods(AbstractHandlerMethodMapping.java:286)
	at org.springframework.web.servlet.handler.AbstractHandlerMethodMapping.processCandidateBean(AbstractHandlerMethodMapping.java:258)
	at org.springframework.web.servlet.handler.AbstractHandlerMethodMapping.initHandlerMethods(AbstractHandlerMethodMapping.java:217)
	at org.springframework.web.servlet.handler.AbstractHandlerMethodMapping.afterPropertiesSet(AbstractHandlerMethodMapping.java:205)
	at org.springframework.web.servlet.mvc.method.annotation.RequestMappingHandlerMapping.afterPropertiesSet(RequestMappingHandlerMapping.java:189)
	at org.springframework.beans.factory.support.AbstractAutowireCapableBeanFactory.invokeInitMethods(AbstractAutowireCapableBeanFactory.java:1853)
	at org.springframework.beans.factory.support.AbstractAutowireCapableBeanFactory.initializeBean(AbstractAutowireCapableBeanFactory.java:1790)
	... 17 common frames omitted
2020-10-13 20:20:38,399 INFO org.springframework.boot.StartupInfoLogger [main] Starting ApiDemoApplication on DESKTOP-88DS32S with PID 2288 (C:\Users\Artek\Desktop\api_demo\target\classes started by Artek in C:\Users\Artek\Desktop\api_demo)
2020-10-13 20:20:38,411 INFO org.springframework.boot.SpringApplication [main] No active profile set, falling back to default profiles: default
2020-10-13 20:20:39,972 INFO org.springframework.data.repository.config.RepositoryConfigurationDelegate [main] Bootstrapping Spring Data JPA repositories in DEFERRED mode.
2020-10-13 20:20:40,165 INFO org.springframework.data.repository.config.RepositoryConfigurationDelegate [main] Finished Spring Data repository scanning in 166ms. Found 1 JPA repository interfaces.
2020-10-13 20:20:42,255 INFO org.springframework.boot.web.embedded.tomcat.TomcatWebServer [main] Tomcat initialized with port(s): 8081 (http)
2020-10-13 20:20:42,271 INFO org.apache.juli.logging.DirectJDKLog [main] Initializing ProtocolHandler ["http-nio-8081"]
2020-10-13 20:20:42,272 INFO org.apache.juli.logging.DirectJDKLog [main] Starting service [Tomcat]
2020-10-13 20:20:42,272 INFO org.apache.juli.logging.DirectJDKLog [main] Starting Servlet engine: [Apache Tomcat/9.0.38]
2020-10-13 20:20:42,441 INFO org.apache.juli.logging.DirectJDKLog [main] Initializing Spring embedded WebApplicationContext
2020-10-13 20:20:42,441 INFO org.springframework.boot.web.servlet.context.ServletWebServerApplicationContext [main] Root WebApplicationContext: initialization completed in 3914 ms
2020-10-13 20:20:42,607 INFO com.zaxxer.hikari.HikariDataSource [main] HikariPool-1 - Starting...
2020-10-13 20:20:42,989 INFO com.zaxxer.hikari.HikariDataSource [main] HikariPool-1 - Start completed.
2020-10-13 20:20:43,000 INFO org.springframework.boot.autoconfigure.h2.H2ConsoleAutoConfiguration [main] H2 console available at '/console'. Database available at 'jdbc:h2:file:C:/Users/Artek/mods'
2020-10-13 20:20:43,371 INFO org.springframework.scheduling.concurrent.ExecutorConfigurationSupport [main] Initializing ExecutorService 'applicationTaskExecutor'
2020-10-13 20:20:43,538 INFO org.hibernate.jpa.internal.util.LogHelper [task-1] HHH000204: Processing PersistenceUnitInfo [name: default]
2020-10-13 20:20:43,621 WARN org.springframework.boot.autoconfigure.orm.jpa.JpaBaseConfiguration$JpaWebConfiguration [main] spring.jpa.open-in-view is enabled by default. Therefore, database queries may be performed during view rendering. Explicitly configure spring.jpa.open-in-view to disable this warning
2020-10-13 20:20:43,756 INFO org.hibernate.Version [task-1] HHH000412: Hibernate ORM core version 5.4.21.Final
2020-10-13 20:20:44,341 INFO org.hibernate.annotations.common.reflection.java.JavaReflectionManager [task-1] HCANN000001: Hibernate Commons Annotations {5.1.0.Final}
2020-10-13 20:20:44,520 INFO org.apache.juli.logging.DirectJDKLog [main] Starting ProtocolHandler ["http-nio-8081"]
2020-10-13 20:20:44,640 INFO org.springframework.boot.web.embedded.tomcat.TomcatWebServer [main] Tomcat started on port(s): 8081 (http) with context path ''
2020-10-13 20:20:44,643 INFO org.springframework.data.repository.config.DeferredRepositoryInitializationListener [main] Triggering deferred initialization of Spring Data repositories…
2020-10-13 20:20:44,793 INFO org.hibernate.dialect.Dialect [task-1] HHH000400: Using dialect: org.hibernate.dialect.H2Dialect
2020-10-13 20:20:45,970 INFO org.hibernate.engine.transaction.jta.platform.internal.JtaPlatformInitiator [task-1] HHH000490: Using JtaPlatform implementation: [org.hibernate.engine.transaction.jta.platform.internal.NoJtaPlatform]
2020-10-13 20:20:45,979 INFO org.springframework.orm.jpa.AbstractEntityManagerFactoryBean [task-1] Initialized JPA EntityManagerFactory for persistence unit 'default'
2020-10-13 20:20:46,275 INFO org.springframework.data.repository.config.DeferredRepositoryInitializationListener [main] Spring Data repositories initialized!
2020-10-13 20:20:46,290 INFO org.springframework.boot.StartupInfoLogger [main] Started ApiDemoApplication in 8.718 seconds (JVM running for 9.846)
2020-10-13 20:27:02,522 INFO org.apache.juli.logging.DirectJDKLog [http-nio-8081-exec-1] Initializing Spring DispatcherServlet 'dispatcherServlet'
2020-10-13 20:27:02,523 INFO org.springframework.web.servlet.FrameworkServlet [http-nio-8081-exec-1] Initializing Servlet 'dispatcherServlet'
2020-10-13 20:27:02,534 INFO org.springframework.web.servlet.FrameworkServlet [http-nio-8081-exec-1] Completed initialization in 11 ms
2020-10-13 20:29:34,258 INFO pl.arturzaczek.api_demo.controllers.TaskController [http-nio-8081-exec-5] invoked: getTaskList()
2020-10-13 20:29:37,960 WARN org.springframework.web.servlet.handler.AbstractHandlerExceptionResolver [http-nio-8081-exec-6] Resolved [org.springframework.web.HttpRequestMethodNotSupportedException: Request method 'GET' not supported]
2020-10-13 20:30:03,805 WARN org.springframework.web.servlet.handler.AbstractHandlerExceptionResolver [http-nio-8081-exec-7] Resolved [org.springframework.web.HttpRequestMethodNotSupportedException: Request method 'GET' not supported]
2020-10-13 20:30:34,459 INFO pl.arturzaczek.api_demo.controllers.TaskController [http-nio-8081-exec-9] invoked: getTaskList()
2020-10-13 20:30:36,597 WARN org.springframework.web.servlet.handler.AbstractHandlerExceptionResolver [http-nio-8081-exec-10] Resolved [org.springframework.web.HttpRequestMethodNotSupportedException: Request method 'GET' not supported]
2020-10-13 20:30:38,308 INFO pl.arturzaczek.api_demo.controllers.TaskController [http-nio-8081-exec-2] invoked: getTaskList()
2020-10-13 20:31:19,495 INFO org.springframework.boot.StartupInfoLogger [main] Starting ApiDemoApplication on DESKTOP-88DS32S with PID 3620 (C:\Users\Artek\Desktop\api_demo\target\classes started by Artek in C:\Users\Artek\Desktop\api_demo)
2020-10-13 20:31:19,508 INFO org.springframework.boot.SpringApplication [main] No active profile set, falling back to default profiles: default
2020-10-13 20:31:21,512 INFO org.springframework.data.repository.config.RepositoryConfigurationDelegate [main] Bootstrapping Spring Data JPA repositories in DEFERRED mode.
2020-10-13 20:31:21,686 INFO org.springframework.data.repository.config.RepositoryConfigurationDelegate [main] Finished Spring Data repository scanning in 151ms. Found 1 JPA repository interfaces.
2020-10-13 20:31:23,201 INFO org.springframework.boot.web.embedded.tomcat.TomcatWebServer [main] Tomcat initialized with port(s): 8081 (http)
2020-10-13 20:31:23,215 INFO org.apache.juli.logging.DirectJDKLog [main] Initializing ProtocolHandler ["http-nio-8081"]
2020-10-13 20:31:23,216 INFO org.apache.juli.logging.DirectJDKLog [main] Starting service [Tomcat]
2020-10-13 20:31:23,217 INFO org.apache.juli.logging.DirectJDKLog [main] Starting Servlet engine: [Apache Tomcat/9.0.38]
2020-10-13 20:31:23,381 INFO org.apache.juli.logging.DirectJDKLog [main] Initializing Spring embedded WebApplicationContext
2020-10-13 20:31:23,381 INFO org.springframework.boot.web.servlet.context.ServletWebServerApplicationContext [main] Root WebApplicationContext: initialization completed in 3715 ms
2020-10-13 20:31:23,513 INFO com.zaxxer.hikari.HikariDataSource [main] HikariPool-1 - Starting...
2020-10-13 20:31:23,935 INFO com.zaxxer.hikari.HikariDataSource [main] HikariPool-1 - Start completed.
2020-10-13 20:31:23,946 INFO org.springframework.boot.autoconfigure.h2.H2ConsoleAutoConfiguration [main] H2 console available at '/console'. Database available at 'jdbc:h2:file:C:/Users/Artek/mods'
2020-10-13 20:31:24,310 INFO org.springframework.scheduling.concurrent.ExecutorConfigurationSupport [main] Initializing ExecutorService 'applicationTaskExecutor'
2020-10-13 20:31:24,426 INFO org.hibernate.jpa.internal.util.LogHelper [task-1] HHH000204: Processing PersistenceUnitInfo [name: default]
2020-10-13 20:31:24,473 WARN org.springframework.boot.autoconfigure.orm.jpa.JpaBaseConfiguration$JpaWebConfiguration [main] spring.jpa.open-in-view is enabled by default. Therefore, database queries may be performed during view rendering. Explicitly configure spring.jpa.open-in-view to disable this warning
2020-10-13 20:31:24,594 INFO org.hibernate.Version [task-1] HHH000412: Hibernate ORM core version 5.4.21.Final
2020-10-13 20:31:25,012 INFO org.hibernate.annotations.common.reflection.java.JavaReflectionManager [task-1] HCANN000001: Hibernate Commons Annotations {5.1.0.Final}
2020-10-13 20:31:25,050 INFO org.apache.juli.logging.DirectJDKLog [main] Starting ProtocolHandler ["http-nio-8081"]
2020-10-13 20:31:25,090 INFO org.springframework.boot.web.embedded.tomcat.TomcatWebServer [main] Tomcat started on port(s): 8081 (http) with context path ''
2020-10-13 20:31:25,094 INFO org.springframework.data.repository.config.DeferredRepositoryInitializationListener [main] Triggering deferred initialization of Spring Data repositories…
2020-10-13 20:31:25,295 INFO org.hibernate.dialect.Dialect [task-1] HHH000400: Using dialect: org.hibernate.dialect.H2Dialect
2020-10-13 20:31:26,446 INFO org.hibernate.engine.transaction.jta.platform.internal.JtaPlatformInitiator [task-1] HHH000490: Using JtaPlatform implementation: [org.hibernate.engine.transaction.jta.platform.internal.NoJtaPlatform]
2020-10-13 20:31:26,457 INFO org.springframework.orm.jpa.AbstractEntityManagerFactoryBean [task-1] Initialized JPA EntityManagerFactory for persistence unit 'default'
2020-10-13 20:31:27,243 INFO org.springframework.data.repository.config.DeferredRepositoryInitializationListener [main] Spring Data repositories initialized!
2020-10-13 20:31:27,271 INFO org.springframework.boot.StartupInfoLogger [main] Started ApiDemoApplication in 8.606 seconds (JVM running for 9.517)
2020-10-13 20:31:33,110 INFO org.apache.juli.logging.DirectJDKLog [http-nio-8081-exec-1] Initializing Spring DispatcherServlet 'dispatcherServlet'
2020-10-13 20:31:33,112 INFO org.springframework.web.servlet.FrameworkServlet [http-nio-8081-exec-1] Initializing Servlet 'dispatcherServlet'
2020-10-13 20:31:33,123 INFO org.springframework.web.servlet.FrameworkServlet [http-nio-8081-exec-1] Completed initialization in 10 ms
2020-10-13 20:31:33,199 INFO pl.arturzaczek.api_demo.controllers.TaskController [http-nio-8081-exec-1] invoked: getTaskList()
2020-10-13 20:31:49,797 INFO pl.arturzaczek.api_demo.controllers.TaskController [http-nio-8081-exec-8] invoked: getTaskList()
2020-10-13 20:31:49,816 INFO pl.arturzaczek.api_demo.controllers.TaskPopulateController [http-nio-8081-exec-9] taskPopulate() invoked
2020-10-13 20:31:49,817 WARN pl.arturzaczek.api_demo.controllers.TaskPopulateController [http-nio-8081-exec-9] [TaskEntity{id=null, content='Pierwszy task wygenerowany w klasie PopulateTask', title='Pierwszy', insertDate=2020-10-13T20:31:49.814, finishDate=2021-03-10, priority=DEFAULT}, TaskEntity{id=null, content='drugi task wygenerowany w klasie PopulateTask', title='dugi', insertDate=2020-10-13T20:31:49.816, finishDate=2020-12-10, priority=DEFAULT}, TaskEntity{id=null, content='3 task wygenerowany w klasie PopulateTask', title='trzeci', insertDate=2020-10-13T20:31:49.816, finishDate=2020-11-29, priority=DEFAULT}, TaskEntity{id=null, content='4 task wygenerowany w klasie PopulateTask', title='czwarty', insertDate=2020-10-13T20:31:49.816, finishDate=2020-09-30, priority=DEFAULT}, TaskEntity{id=null, content='Piąty task wygenerowany w klasie PopulateTask', title='piaty', insertDate=2020-10-13T20:31:49.816, finishDate=2020-10-01, priority=DEFAULT}]
2020-10-13 20:31:52,574 INFO pl.arturzaczek.api_demo.controllers.TaskController [http-nio-8081-exec-6] invoked: getTaskList()
2020-10-13 20:31:55,650 WARN org.springframework.web.servlet.handler.AbstractHandlerExceptionResolver [http-nio-8081-exec-5] Resolved [org.springframework.web.HttpRequestMethodNotSupportedException: Request method 'GET' not supported]
2020-10-13 20:34:16,402 INFO pl.arturzaczek.api_demo.controllers.TaskController [http-nio-8081-exec-10] invoked: getTaskList()
2020-10-13 20:34:20,637 INFO pl.arturzaczek.api_demo.controllers.TaskController [http-nio-8081-exec-9] invoked: getTaskList()
2020-10-13 20:34:28,597 INFO pl.arturzaczek.api_demo.controllers.TaskController [http-nio-8081-exec-4] invoked: getTaskList()
2020-10-13 20:34:34,284 INFO pl.arturzaczek.api_demo.controllers.TaskController [http-nio-8081-exec-2] invoked: getTaskList()
2020-10-13 20:34:36,139 INFO pl.arturzaczek.api_demo.controllers.TaskController [http-nio-8081-exec-10] invoked: getTaskList()
2020-10-13 20:35:51,124 INFO org.springframework.boot.StartupInfoLogger [main] Starting ApiDemoApplication on DESKTOP-88DS32S with PID 20644 (C:\Users\Artek\Desktop\api_demo\target\classes started by Artek in C:\Users\Artek\Desktop\api_demo)
2020-10-13 20:35:51,129 INFO org.springframework.boot.SpringApplication [main] No active profile set, falling back to default profiles: default
2020-10-13 20:35:52,492 INFO org.springframework.data.repository.config.RepositoryConfigurationDelegate [main] Bootstrapping Spring Data JPA repositories in DEFERRED mode.
2020-10-13 20:35:52,665 INFO org.springframework.data.repository.config.RepositoryConfigurationDelegate [main] Finished Spring Data repository scanning in 153ms. Found 1 JPA repository interfaces.
2020-10-13 20:35:53,997 INFO org.springframework.boot.web.embedded.tomcat.TomcatWebServer [main] Tomcat initialized with port(s): 8081 (http)
2020-10-13 20:35:54,012 INFO org.apache.juli.logging.DirectJDKLog [main] Initializing ProtocolHandler ["http-nio-8081"]
2020-10-13 20:35:54,013 INFO org.apache.juli.logging.DirectJDKLog [main] Starting service [Tomcat]
2020-10-13 20:35:54,013 INFO org.apache.juli.logging.DirectJDKLog [main] Starting Servlet engine: [Apache Tomcat/9.0.38]
2020-10-13 20:35:54,181 INFO org.apache.juli.logging.DirectJDKLog [main] Initializing Spring embedded WebApplicationContext
2020-10-13 20:35:54,182 INFO org.springframework.boot.web.servlet.context.ServletWebServerApplicationContext [main] Root WebApplicationContext: initialization completed in 2965 ms
2020-10-13 20:35:54,271 INFO com.zaxxer.hikari.HikariDataSource [main] HikariPool-1 - Starting...
2020-10-13 20:35:54,605 INFO com.zaxxer.hikari.HikariDataSource [main] HikariPool-1 - Start completed.
2020-10-13 20:35:54,615 INFO org.springframework.boot.autoconfigure.h2.H2ConsoleAutoConfiguration [main] H2 console available at '/console'. Database available at 'jdbc:h2:file:C:/Users/Artek/mods'
2020-10-13 20:35:54,940 INFO org.springframework.scheduling.concurrent.ExecutorConfigurationSupport [main] Initializing ExecutorService 'applicationTaskExecutor'
2020-10-13 20:35:55,105 INFO org.hibernate.jpa.internal.util.LogHelper [task-1] HHH000204: Processing PersistenceUnitInfo [name: default]
2020-10-13 20:35:55,162 WARN org.springframework.boot.autoconfigure.orm.jpa.JpaBaseConfiguration$JpaWebConfiguration [main] spring.jpa.open-in-view is enabled by default. Therefore, database queries may be performed during view rendering. Explicitly configure spring.jpa.open-in-view to disable this warning
2020-10-13 20:35:55,331 INFO org.hibernate.Version [task-1] HHH000412: Hibernate ORM core version 5.4.21.Final
2020-10-13 20:35:55,848 INFO org.hibernate.annotations.common.reflection.java.JavaReflectionManager [task-1] HCANN000001: Hibernate Commons Annotations {5.1.0.Final}
2020-10-13 20:35:55,984 INFO org.apache.juli.logging.DirectJDKLog [main] Starting ProtocolHandler ["http-nio-8081"]
2020-10-13 20:35:56,044 INFO org.springframework.boot.web.embedded.tomcat.TomcatWebServer [main] Tomcat started on port(s): 8081 (http) with context path ''
2020-10-13 20:35:56,047 INFO org.springframework.data.repository.config.DeferredRepositoryInitializationListener [main] Triggering deferred initialization of Spring Data repositories…
2020-10-13 20:35:56,221 INFO org.hibernate.dialect.Dialect [task-1] HHH000400: Using dialect: org.hibernate.dialect.H2Dialect
2020-10-13 20:35:57,337 INFO org.hibernate.engine.transaction.jta.platform.internal.JtaPlatformInitiator [task-1] HHH000490: Using JtaPlatform implementation: [org.hibernate.engine.transaction.jta.platform.internal.NoJtaPlatform]
2020-10-13 20:35:57,349 INFO org.springframework.orm.jpa.AbstractEntityManagerFactoryBean [task-1] Initialized JPA EntityManagerFactory for persistence unit 'default'
2020-10-13 20:35:57,663 INFO org.springframework.data.repository.config.DeferredRepositoryInitializationListener [main] Spring Data repositories initialized!
2020-10-13 20:35:57,672 INFO org.springframework.boot.StartupInfoLogger [main] Started ApiDemoApplication in 7.214 seconds (JVM running for 7.927)
2020-10-13 20:54:10,424 INFO org.springframework.boot.StartupInfoLogger [main] Starting ApiDemoApplication on DESKTOP-88DS32S with PID 10972 (C:\Users\Artek\Desktop\api_demo\target\classes started by Artek in C:\Users\Artek\Desktop\api_demo)
2020-10-13 20:54:10,429 INFO org.springframework.boot.SpringApplication [main] No active profile set, falling back to default profiles: default
2020-10-13 20:54:11,971 INFO org.springframework.data.repository.config.RepositoryConfigurationDelegate [main] Bootstrapping Spring Data JPA repositories in DEFERRED mode.
2020-10-13 20:54:12,093 INFO org.springframework.data.repository.config.RepositoryConfigurationDelegate [main] Finished Spring Data repository scanning in 100ms. Found 1 JPA repository interfaces.
2020-10-13 20:54:13,498 INFO org.springframework.boot.web.embedded.tomcat.TomcatWebServer [main] Tomcat initialized with port(s): 8081 (http)
2020-10-13 20:54:13,517 INFO org.apache.juli.logging.DirectJDKLog [main] Initializing ProtocolHandler ["http-nio-8081"]
2020-10-13 20:54:13,518 INFO org.apache.juli.logging.DirectJDKLog [main] Starting service [Tomcat]
2020-10-13 20:54:13,518 INFO org.apache.juli.logging.DirectJDKLog [main] Starting Servlet engine: [Apache Tomcat/9.0.38]
2020-10-13 20:54:13,725 INFO org.apache.juli.logging.DirectJDKLog [main] Initializing Spring embedded WebApplicationContext
2020-10-13 20:54:13,726 INFO org.springframework.boot.web.servlet.context.ServletWebServerApplicationContext [main] Root WebApplicationContext: initialization completed in 3171 ms
2020-10-13 20:54:13,849 INFO com.zaxxer.hikari.HikariDataSource [main] HikariPool-1 - Starting...
2020-10-13 20:54:14,292 INFO com.zaxxer.hikari.HikariDataSource [main] HikariPool-1 - Start completed.
2020-10-13 20:54:14,302 INFO org.springframework.boot.autoconfigure.h2.H2ConsoleAutoConfiguration [main] H2 console available at '/console'. Database available at 'jdbc:h2:file:C:/Users/Artek/mods'
2020-10-13 20:54:14,628 INFO org.springframework.scheduling.concurrent.ExecutorConfigurationSupport [main] Initializing ExecutorService 'applicationTaskExecutor'
2020-10-13 20:54:14,785 INFO org.hibernate.jpa.internal.util.LogHelper [task-1] HHH000204: Processing PersistenceUnitInfo [name: default]
2020-10-13 20:54:14,837 WARN org.springframework.boot.autoconfigure.orm.jpa.JpaBaseConfiguration$JpaWebConfiguration [main] spring.jpa.open-in-view is enabled by default. Therefore, database queries may be performed during view rendering. Explicitly configure spring.jpa.open-in-view to disable this warning
2020-10-13 20:54:15,202 INFO org.hibernate.Version [task-1] HHH000412: Hibernate ORM core version 5.4.21.Final
2020-10-13 20:54:15,807 INFO org.hibernate.annotations.common.reflection.java.JavaReflectionManager [task-1] HCANN000001: Hibernate Commons Annotations {5.1.0.Final}
2020-10-13 20:54:15,934 INFO org.apache.juli.logging.DirectJDKLog [main] Starting ProtocolHandler ["http-nio-8081"]
2020-10-13 20:54:15,978 INFO org.springframework.boot.web.embedded.tomcat.TomcatWebServer [main] Tomcat started on port(s): 8081 (http) with context path ''
2020-10-13 20:54:15,980 INFO org.springframework.data.repository.config.DeferredRepositoryInitializationListener [main] Triggering deferred initialization of Spring Data repositories…
2020-10-13 20:54:16,203 INFO org.hibernate.dialect.Dialect [task-1] HHH000400: Using dialect: org.hibernate.dialect.H2Dialect
2020-10-13 20:54:17,466 INFO org.hibernate.engine.transaction.jta.platform.internal.JtaPlatformInitiator [task-1] HHH000490: Using JtaPlatform implementation: [org.hibernate.engine.transaction.jta.platform.internal.NoJtaPlatform]
2020-10-13 20:54:17,477 INFO org.springframework.orm.jpa.AbstractEntityManagerFactoryBean [task-1] Initialized JPA EntityManagerFactory for persistence unit 'default'
2020-10-13 20:54:17,786 INFO org.springframework.data.repository.config.DeferredRepositoryInitializationListener [main] Spring Data repositories initialized!
2020-10-13 20:54:17,801 INFO org.springframework.boot.StartupInfoLogger [main] Started ApiDemoApplication in 8.221 seconds (JVM running for 9.108)
2020-10-13 20:54:27,792 INFO org.apache.juli.logging.DirectJDKLog [http-nio-8081-exec-2] Initializing Spring DispatcherServlet 'dispatcherServlet'
2020-10-13 20:54:27,793 INFO org.springframework.web.servlet.FrameworkServlet [http-nio-8081-exec-2] Initializing Servlet 'dispatcherServlet'
2020-10-13 20:54:27,816 INFO org.springframework.web.servlet.FrameworkServlet [http-nio-8081-exec-2] Completed initialization in 23 ms
