2020-10-04 18:46:59,907 INFO org.springframework.boot.StartupInfoLogger [main] Starting ApiDemoApplication on DESKTOP-88DS32S with PID 24900 (C:\Users\Artek\Desktop\api_demo\target\classes started by Artek in C:\Users\Artek\Desktop\api_demo)
2020-10-04 18:46:59,948 INFO org.springframework.boot.SpringApplication [main] No active profile set, falling back to default profiles: default
2020-10-04 18:47:01,379 INFO org.springframework.data.repository.config.RepositoryConfigurationDelegate [main] Bootstrapping Spring Data JPA repositories in DEFERRED mode.
2020-10-04 18:47:01,494 INFO org.springframework.data.repository.config.RepositoryConfigurationDelegate [main] Finished Spring Data repository scanning in 99ms. Found 1 JPA repository interfaces.
2020-10-04 18:47:02,964 INFO org.springframework.boot.web.embedded.tomcat.TomcatWebServer [main] Tomcat initialized with port(s): 8081 (http)
2020-10-04 18:47:02,978 INFO org.apache.juli.logging.DirectJDKLog [main] Initializing ProtocolHandler ["http-nio-8081"]
2020-10-04 18:47:02,979 INFO org.apache.juli.logging.DirectJDKLog [main] Starting service [Tomcat]
2020-10-04 18:47:02,980 INFO org.apache.juli.logging.DirectJDKLog [main] Starting Servlet engine: [Apache Tomcat/9.0.38]
2020-10-04 18:47:03,156 INFO org.apache.juli.logging.DirectJDKLog [main] Initializing Spring embedded WebApplicationContext
2020-10-04 18:47:03,158 INFO org.springframework.boot.web.servlet.context.ServletWebServerApplicationContext [main] Root WebApplicationContext: initialization completed in 3044 ms
2020-10-04 18:47:03,259 INFO com.zaxxer.hikari.HikariDataSource [main] HikariPool-1 - Starting...
2020-10-04 18:47:03,607 INFO com.zaxxer.hikari.HikariDataSource [main] HikariPool-1 - Start completed.
2020-10-04 18:47:03,616 INFO org.springframework.boot.autoconfigure.h2.H2ConsoleAutoConfiguration [main] H2 console available at '/console'. Database available at 'jdbc:h2:file:C:/Users/Artek/mods'
2020-10-04 18:47:03,972 INFO org.springframework.scheduling.concurrent.ExecutorConfigurationSupport [main] Initializing ExecutorService 'applicationTaskExecutor'
2020-10-04 18:47:04,082 INFO org.hibernate.jpa.internal.util.LogHelper [task-1] HHH000204: Processing PersistenceUnitInfo [name: default]
2020-10-04 18:47:04,146 WARN org.springframework.boot.autoconfigure.orm.jpa.JpaBaseConfiguration$JpaWebConfiguration [main] spring.jpa.open-in-view is enabled by default. Therefore, database queries may be performed during view rendering. Explicitly configure spring.jpa.open-in-view to disable this warning
2020-10-04 18:47:04,255 INFO org.hibernate.Version [task-1] HHH000412: Hibernate ORM core version 5.4.21.Final
2020-10-04 18:47:04,799 INFO org.hibernate.annotations.common.reflection.java.JavaReflectionManager [task-1] HCANN000001: Hibernate Commons Annotations {5.1.0.Final}
2020-10-04 18:47:04,922 INFO org.apache.juli.logging.DirectJDKLog [main] Starting ProtocolHandler ["http-nio-8081"]
2020-10-04 18:47:04,966 INFO org.springframework.boot.web.embedded.tomcat.TomcatWebServer [main] Tomcat started on port(s): 8081 (http) with context path ''
2020-10-04 18:47:04,971 INFO org.springframework.data.repository.config.DeferredRepositoryInitializationListener [main] Triggering deferred initialization of Spring Data repositories…
2020-10-04 18:47:05,185 INFO org.hibernate.dialect.Dialect [task-1] HHH000400: Using dialect: org.hibernate.dialect.H2Dialect
2020-10-04 18:47:06,184 INFO org.hibernate.engine.transaction.jta.platform.internal.JtaPlatformInitiator [task-1] HHH000490: Using JtaPlatform implementation: [org.hibernate.engine.transaction.jta.platform.internal.NoJtaPlatform]
2020-10-04 18:47:06,194 INFO org.springframework.orm.jpa.AbstractEntityManagerFactoryBean [task-1] Initialized JPA EntityManagerFactory for persistence unit 'default'
2020-10-04 18:47:06,613 INFO org.springframework.data.repository.config.DeferredRepositoryInitializationListener [main] Spring Data repositories initialized!
2020-10-04 18:47:06,624 INFO org.springframework.boot.StartupInfoLogger [main] Started ApiDemoApplication in 7.786 seconds (JVM running for 8.682)
2020-10-04 18:47:31,447 INFO org.apache.juli.logging.DirectJDKLog [http-nio-8081-exec-2] Initializing Spring DispatcherServlet 'dispatcherServlet'
2020-10-04 18:47:31,448 INFO org.springframework.web.servlet.FrameworkServlet [http-nio-8081-exec-2] Initializing Servlet 'dispatcherServlet'
2020-10-04 18:47:31,458 INFO org.springframework.web.servlet.FrameworkServlet [http-nio-8081-exec-2] Completed initialization in 10 ms
2020-10-04 18:47:31,525 INFO pl.arturzaczek.api_demo.controllers.TaskController [http-nio-8081-exec-1] getTaskList ()
2020-10-04 18:47:31,539 INFO pl.arturzaczek.api_demo.controllers.TaskPopulateController [http-nio-8081-exec-2] taskPopulate() invoked
2020-10-04 18:47:31,540 WARN pl.arturzaczek.api_demo.controllers.TaskPopulateController [http-nio-8081-exec-2] task: 
2020-10-04 18:47:31,541 WARN pl.arturzaczek.api_demo.controllers.TaskPopulateController [http-nio-8081-exec-2] task: 
2020-10-04 18:47:31,544 WARN pl.arturzaczek.api_demo.controllers.TaskPopulateController [http-nio-8081-exec-2] task: 
2020-10-04 18:47:31,544 WARN pl.arturzaczek.api_demo.controllers.TaskPopulateController [http-nio-8081-exec-2] task: 
2020-10-04 18:47:31,544 WARN pl.arturzaczek.api_demo.controllers.TaskPopulateController [http-nio-8081-exec-2] task: 
